<?xml version="1.0" encoding="UTF-8"?>
<testsuite xmlns:xsi="http://www.w3.org/2001/XMLSchema-instance" xsi:noNamespaceSchemaLocation="https://maven.apache.org/surefire/maven-surefire-plugin/xsd/surefire-test-report.xsd" name="com.xuechengauth.XuechengAuthApplicationTests" time="0.235" tests="1" errors="0" skipped="0" failures="0">
  <properties>
    <property name="java.specification.version" value="17"/>
    <property name="sun.cpu.isalist" value="amd64"/>
    <property name="sun.jnu.encoding" value="GBK"/>
    <property name="java.class.path" value="E:\joker\ideaItem\xuecheng\xuecheng-auth\target\test-classes;E:\joker\ideaItem\xuecheng\xuecheng-auth\target\classes;E:\joker\.m2\repository\com\mysql\mysql-connector-j\8.0.31\mysql-connector-j-8.0.31.jar;E:\joker\.m2\repository\com\google\protobuf\protobuf-java\3.19.4\protobuf-java-3.19.4.jar;E:\joker\.m2\repository\com\baomidou\mybatis-plus-boot-starter\3.4.2\mybatis-plus-boot-starter-3.4.2.jar;E:\joker\.m2\repository\com\baomidou\mybatis-plus\3.4.2\mybatis-plus-3.4.2.jar;E:\joker\.m2\repository\com\baomidou\mybatis-plus-extension\3.4.2\mybatis-plus-extension-3.4.2.jar;E:\joker\.m2\repository\com\baomidou\mybatis-plus-core\3.4.2\mybatis-plus-core-3.4.2.jar;E:\joker\.m2\repository\com\baomidou\mybatis-plus-annotation\3.4.2\mybatis-plus-annotation-3.4.2.jar;E:\joker\.m2\repository\com\github\jsqlparser\jsqlparser\4.0\jsqlparser-4.0.jar;E:\joker\.m2\repository\org\springframework\boot\spring-boot-autoconfigure\2.6.11\spring-boot-autoconfigure-2.6.11.jar;E:\joker\.m2\repository\org\springframework\boot\spring-boot-starter-jdbc\2.6.11\spring-boot-starter-jdbc-2.6.11.jar;E:\joker\.m2\repository\com\zaxxer\HikariCP\4.0.3\HikariCP-4.0.3.jar;E:\joker\.m2\repository\org\springframework\spring-jdbc\5.3.22\spring-jdbc-5.3.22.jar;E:\joker\.m2\repository\org\springframework\spring-tx\5.3.22\spring-tx-5.3.22.jar;E:\joker\.m2\repository\org\mybatis\spring\boot\mybatis-spring-boot-starter\3.0.1\mybatis-spring-boot-starter-3.0.1.jar;E:\joker\.m2\repository\org\mybatis\spring\boot\mybatis-spring-boot-autoconfigure\3.0.1\mybatis-spring-boot-autoconfigure-3.0.1.jar;E:\joker\.m2\repository\org\mybatis\mybatis\3.5.11\mybatis-3.5.11.jar;E:\joker\.m2\repository\org\mybatis\mybatis-spring\3.0.1\mybatis-spring-3.0.1.jar;E:\joker\.m2\repository\org\springframework\boot\spring-boot-starter-web\2.6.11\spring-boot-starter-web-2.6.11.jar;E:\joker\.m2\repository\org\springframework\boot\spring-boot-starter-json\2.6.11\spring-boot-starter-json-2.6.11.jar;E:\joker\.m2\repository\com\fasterxml\jackson\core\jackson-databind\2.13.3\jackson-databind-2.13.3.jar;E:\joker\.m2\repository\com\fasterxml\jackson\datatype\jackson-datatype-jdk8\2.13.3\jackson-datatype-jdk8-2.13.3.jar;E:\joker\.m2\repository\com\fasterxml\jackson\datatype\jackson-datatype-jsr310\2.13.3\jackson-datatype-jsr310-2.13.3.jar;E:\joker\.m2\repository\com\fasterxml\jackson\module\jackson-module-parameter-names\2.13.3\jackson-module-parameter-names-2.13.3.jar;E:\joker\.m2\repository\org\springframework\boot\spring-boot-starter-tomcat\2.6.11\spring-boot-starter-tomcat-2.6.11.jar;E:\joker\.m2\repository\org\apache\tomcat\embed\tomcat-embed-core\9.0.65\tomcat-embed-core-9.0.65.jar;E:\joker\.m2\repository\org\apache\tomcat\embed\tomcat-embed-el\9.0.65\tomcat-embed-el-9.0.65.jar;E:\joker\.m2\repository\org\apache\tomcat\embed\tomcat-embed-websocket\9.0.65\tomcat-embed-websocket-9.0.65.jar;E:\joker\.m2\repository\org\springframework\spring-web\5.3.22\spring-web-5.3.22.jar;E:\joker\.m2\repository\org\springframework\spring-beans\5.3.22\spring-beans-5.3.22.jar;E:\joker\.m2\repository\org\springframework\spring-webmvc\5.3.22\spring-webmvc-5.3.22.jar;E:\joker\.m2\repository\org\springframework\spring-aop\5.3.22\spring-aop-5.3.22.jar;E:\joker\.m2\repository\org\springframework\spring-context\5.3.22\spring-context-5.3.22.jar;E:\joker\.m2\repository\org\springframework\spring-expression\5.3.22\spring-expression-5.3.22.jar;E:\joker\.m2\repository\com\alibaba\cloud\spring-cloud-starter-alibaba-nacos-discovery\2021.0.4.0\spring-cloud-starter-alibaba-nacos-discovery-2021.0.4.0.jar;E:\joker\.m2\repository\com\alibaba\cloud\spring-cloud-alibaba-commons\2021.0.4.0\spring-cloud-alibaba-commons-2021.0.4.0.jar;E:\joker\.m2\repository\com\alibaba\nacos\nacos-client\2.0.4\nacos-client-2.0.4.jar;E:\joker\.m2\repository\commons-codec\commons-codec\1.15\commons-codec-1.15.jar;E:\joker\.m2\repository\com\fasterxml\jackson\core\jackson-core\2.13.3\jackson-core-2.13.3.jar;E:\joker\.m2\repository\org\apache\httpcomponents\httpasyncclient\4.1.5\httpasyncclient-4.1.5.jar;E:\joker\.m2\repository\org\apache\httpcomponents\httpcore\4.4.15\httpcore-4.4.15.jar;E:\joker\.m2\repository\org\apache\httpcomponents\httpcore-nio\4.4.15\httpcore-nio-4.4.15.jar;E:\joker\.m2\repository\org\apache\httpcomponents\httpclient\4.5.13\httpclient-4.5.13.jar;E:\joker\.m2\repository\org\reflections\reflections\0.9.11\reflections-0.9.11.jar;E:\joker\.m2\repository\com\google\guava\guava\20.0\guava-20.0.jar;E:\joker\.m2\repository\org\javassist\javassist\3.21.0-GA\javassist-3.21.0-GA.jar;E:\joker\.m2\repository\io\prometheus\simpleclient\0.12.0\simpleclient-0.12.0.jar;E:\joker\.m2\repository\io\prometheus\simpleclient_tracer_otel\0.12.0\simpleclient_tracer_otel-0.12.0.jar;E:\joker\.m2\repository\io\prometheus\simpleclient_tracer_common\0.12.0\simpleclient_tracer_common-0.12.0.jar;E:\joker\.m2\repository\io\prometheus\simpleclient_tracer_otel_agent\0.12.0\simpleclient_tracer_otel_agent-0.12.0.jar;E:\joker\.m2\repository\com\alibaba\spring\spring-context-support\1.0.11\spring-context-support-1.0.11.jar;E:\joker\.m2\repository\org\springframework\cloud\spring-cloud-commons\3.1.4\spring-cloud-commons-3.1.4.jar;E:\joker\.m2\repository\org\springframework\security\spring-security-crypto\5.6.7\spring-security-crypto-5.6.7.jar;E:\joker\.m2\repository\org\springframework\cloud\spring-cloud-context\3.1.2\spring-cloud-context-3.1.2.jar;E:\joker\.m2\repository\org\springframework\cloud\spring-cloud-starter-security\2.2.5.RELEASE\spring-cloud-starter-security-2.2.5.RELEASE.jar;E:\joker\.m2\repository\org\springframework\cloud\spring-cloud-starter\2.2.8.RELEASE\spring-cloud-starter-2.2.8.RELEASE.jar;E:\joker\.m2\repository\org\springframework\security\spring-security-rsa\1.0.9.RELEASE\spring-security-rsa-1.0.9.RELEASE.jar;E:\joker\.m2\repository\org\bouncycastle\bcpkix-jdk15on\1.64\bcpkix-jdk15on-1.64.jar;E:\joker\.m2\repository\org\bouncycastle\bcprov-jdk15on\1.64\bcprov-jdk15on-1.64.jar;E:\joker\.m2\repository\org\springframework\boot\spring-boot-starter-actuator\2.6.11\spring-boot-starter-actuator-2.6.11.jar;E:\joker\.m2\repository\org\springframework\boot\spring-boot-actuator-autoconfigure\2.6.11\spring-boot-actuator-autoconfigure-2.6.11.jar;E:\joker\.m2\repository\org\springframework\boot\spring-boot-actuator\2.6.11\spring-boot-actuator-2.6.11.jar;E:\joker\.m2\repository\io\micrometer\micrometer-core\1.8.9\micrometer-core-1.8.9.jar;E:\joker\.m2\repository\org\hdrhistogram\HdrHistogram\2.1.12\HdrHistogram-2.1.12.jar;E:\joker\.m2\repository\org\latencyutils\LatencyUtils\2.0.3\LatencyUtils-2.0.3.jar;E:\joker\.m2\repository\org\springframework\cloud\spring-cloud-security\2.2.5.RELEASE\spring-cloud-security-2.2.5.RELEASE.jar;E:\joker\.m2\repository\org\springframework\boot\spring-boot-starter-security\2.6.11\spring-boot-starter-security-2.6.11.jar;E:\joker\.m2\repository\org\springframework\security\spring-security-config\5.6.7\spring-security-config-5.6.7.jar;E:\joker\.m2\repository\org\springframework\security\spring-security-web\5.6.7\spring-security-web-5.6.7.jar;E:\joker\.m2\repository\javax\activation\javax.activation-api\1.2.0\javax.activation-api-1.2.0.jar;E:\joker\.m2\repository\javax\xml\bind\jaxb-api\2.3.1\jaxb-api-2.3.1.jar;E:\joker\.m2\repository\org\glassfish\jaxb\jaxb-runtime\2.3.6\jaxb-runtime-2.3.6.jar;E:\joker\.m2\repository\org\glassfish\jaxb\txw2\2.3.6\txw2-2.3.6.jar;E:\joker\.m2\repository\com\sun\istack\istack-commons-runtime\3.0.12\istack-commons-runtime-3.0.12.jar;E:\joker\.m2\repository\com\sun\activation\jakarta.activation\1.2.2\jakarta.activation-1.2.2.jar;E:\joker\.m2\repository\org\springframework\cloud\spring-cloud-starter-oauth2\2.2.5.RELEASE\spring-cloud-starter-oauth2-2.2.5.RELEASE.jar;E:\joker\.m2\repository\org\springframework\security\oauth\boot\spring-security-oauth2-autoconfigure\2.1.2.RELEASE\spring-security-oauth2-autoconfigure-2.1.2.RELEASE.jar;E:\joker\.m2\repository\com\fasterxml\jackson\core\jackson-annotations\2.13.3\jackson-annotations-2.13.3.jar;E:\joker\.m2\repository\com\sun\xml\bind\jaxb-core\2.3.0.1\jaxb-core-2.3.0.1.jar;E:\joker\.m2\repository\com\sun\xml\bind\jaxb-impl\2.3.0.1\jaxb-impl-2.3.0.1.jar;E:\joker\.m2\repository\org\springframework\security\oauth\spring-security-oauth2\2.3.4.RELEASE\spring-security-oauth2-2.3.4.RELEASE.jar;E:\joker\.m2\repository\org\springframework\security\spring-security-core\5.6.7\spring-security-core-5.6.7.jar;E:\joker\.m2\repository\org\codehaus\jackson\jackson-mapper-asl\1.9.13\jackson-mapper-asl-1.9.13.jar;E:\joker\.m2\repository\org\codehaus\jackson\jackson-core-asl\1.9.13\jackson-core-asl-1.9.13.jar;E:\joker\.m2\repository\org\springframework\security\spring-security-jwt\1.0.9.RELEASE\spring-security-jwt-1.0.9.RELEASE.jar;E:\joker\.m2\repository\org\springframework\boot\spring-boot-starter\2.7.6\spring-boot-starter-2.7.6.jar;E:\joker\.m2\repository\org\springframework\boot\spring-boot\2.6.11\spring-boot-2.6.11.jar;E:\joker\.m2\repository\jakarta\annotation\jakarta.annotation-api\1.3.5\jakarta.annotation-api-1.3.5.jar;E:\joker\.m2\repository\org\springframework\spring-core\5.3.22\spring-core-5.3.22.jar;E:\joker\.m2\repository\org\springframework\spring-jcl\5.3.22\spring-jcl-5.3.22.jar;E:\joker\.m2\repository\org\yaml\snakeyaml\1.29\snakeyaml-1.29.jar;E:\joker\.m2\repository\org\springframework\boot\spring-boot-starter-test\2.7.6\spring-boot-starter-test-2.7.6.jar;E:\joker\.m2\repository\org\springframework\boot\spring-boot-test\2.6.11\spring-boot-test-2.6.11.jar;E:\joker\.m2\repository\org\springframework\boot\spring-boot-test-autoconfigure\2.6.11\spring-boot-test-autoconfigure-2.6.11.jar;E:\joker\.m2\repository\com\jayway\jsonpath\json-path\2.6.0\json-path-2.6.0.jar;E:\joker\.m2\repository\net\minidev\json-smart\2.4.8\json-smart-2.4.8.jar;E:\joker\.m2\repository\net\minidev\accessors-smart\2.4.8\accessors-smart-2.4.8.jar;E:\joker\.m2\repository\org\ow2\asm\asm\9.1\asm-9.1.jar;E:\joker\.m2\repository\org\slf4j\slf4j-api\1.7.36\slf4j-api-1.7.36.jar;E:\joker\.m2\repository\jakarta\xml\bind\jakarta.xml.bind-api\2.3.3\jakarta.xml.bind-api-2.3.3.jar;E:\joker\.m2\repository\jakarta\activation\jakarta.activation-api\1.2.2\jakarta.activation-api-1.2.2.jar;E:\joker\.m2\repository\org\assertj\assertj-core\3.21.0\assertj-core-3.21.0.jar;E:\joker\.m2\repository\org\hamcrest\hamcrest\2.2\hamcrest-2.2.jar;E:\joker\.m2\repository\org\junit\jupiter\junit-jupiter\5.8.2\junit-jupiter-5.8.2.jar;E:\joker\.m2\repository\org\junit\jupiter\junit-jupiter-api\5.8.2\junit-jupiter-api-5.8.2.jar;E:\joker\.m2\repository\org\opentest4j\opentest4j\1.2.0\opentest4j-1.2.0.jar;E:\joker\.m2\repository\org\junit\platform\junit-platform-commons\1.8.2\junit-platform-commons-1.8.2.jar;E:\joker\.m2\repository\org\apiguardian\apiguardian-api\1.1.2\apiguardian-api-1.1.2.jar;E:\joker\.m2\repository\org\junit\jupiter\junit-jupiter-params\5.8.2\junit-jupiter-params-5.8.2.jar;E:\joker\.m2\repository\org\junit\jupiter\junit-jupiter-engine\5.8.2\junit-jupiter-engine-5.8.2.jar;E:\joker\.m2\repository\org\junit\platform\junit-platform-engine\1.8.2\junit-platform-engine-1.8.2.jar;E:\joker\.m2\repository\org\mockito\mockito-core\4.0.0\mockito-core-4.0.0.jar;E:\joker\.m2\repository\net\bytebuddy\byte-buddy\1.11.22\byte-buddy-1.11.22.jar;E:\joker\.m2\repository\net\bytebuddy\byte-buddy-agent\1.11.22\byte-buddy-agent-1.11.22.jar;E:\joker\.m2\repository\org\objenesis\objenesis\3.2\objenesis-3.2.jar;E:\joker\.m2\repository\org\mockito\mockito-junit-jupiter\4.0.0\mockito-junit-jupiter-4.0.0.jar;E:\joker\.m2\repository\org\skyscreamer\jsonassert\1.5.1\jsonassert-1.5.1.jar;E:\joker\.m2\repository\com\vaadin\external\google\android-json\0.0.20131108.vaadin1\android-json-0.0.20131108.vaadin1.jar;E:\joker\.m2\repository\org\springframework\spring-test\5.3.22\spring-test-5.3.22.jar;E:\joker\.m2\repository\org\xmlunit\xmlunit-core\2.8.4\xmlunit-core-2.8.4.jar;E:\joker\.m2\repository\org\projectlombok\lombok\1.18.24\lombok-1.18.24.jar;E:\joker\.m2\repository\org\springframework\boot\spring-boot-starter-logging\2.7.6\spring-boot-starter-logging-2.7.6.jar;E:\joker\.m2\repository\ch\qos\logback\logback-classic\1.2.11\logback-classic-1.2.11.jar;E:\joker\.m2\repository\ch\qos\logback\logback-core\1.2.11\logback-core-1.2.11.jar;E:\joker\.m2\repository\org\apache\logging\log4j\log4j-to-slf4j\2.17.2\log4j-to-slf4j-2.17.2.jar;E:\joker\.m2\repository\org\apache\logging\log4j\log4j-api\2.17.2\log4j-api-2.17.2.jar;E:\joker\.m2\repository\org\slf4j\jul-to-slf4j\1.7.36\jul-to-slf4j-1.7.36.jar;E:\joker\.m2\repository\com\google\code\gson\gson\2.8.9\gson-2.8.9.jar;"/>
    <property name="java.vm.vendor" value="Oracle Corporation"/>
    <property name="sun.arch.data.model" value="64"/>
    <property name="user.variant" value=""/>
    <property name="java.vendor.url" value="https://java.oracle.com/"/>
    <property name="user.timezone" value="Asia/Shanghai"/>
    <property name="os.name" value="Windows 11"/>
    <property name="java.vm.specification.version" value="17"/>
    <property name="sun.java.launcher" value="SUN_STANDARD"/>
    <property name="user.country" value="CN"/>
    <property name="sun.boot.library.path" value="C:\Program Files\Java\jdk-17.0.4.1\bin"/>
    <property name="sun.java.command" value="C:\Users\joker\AppData\Local\Temp\surefire9945107180690128405\surefirebooter18099429284619034366.jar C:\Users\joker\AppData\Local\Temp\surefire9945107180690128405 2023-01-31T20-18-53_965-jvmRun1 surefire4519146667133461509tmp surefire_03805665457672785487tmp"/>
    <property name="jdk.debug" value="release"/>
    <property name="surefire.test.class.path" value="E:\joker\ideaItem\xuecheng\xuecheng-auth\target\test-classes;E:\joker\ideaItem\xuecheng\xuecheng-auth\target\classes;E:\joker\.m2\repository\com\mysql\mysql-connector-j\8.0.31\mysql-connector-j-8.0.31.jar;E:\joker\.m2\repository\com\google\protobuf\protobuf-java\3.19.4\protobuf-java-3.19.4.jar;E:\joker\.m2\repository\com\baomidou\mybatis-plus-boot-starter\3.4.2\mybatis-plus-boot-starter-3.4.2.jar;E:\joker\.m2\repository\com\baomidou\mybatis-plus\3.4.2\mybatis-plus-3.4.2.jar;E:\joker\.m2\repository\com\baomidou\mybatis-plus-extension\3.4.2\mybatis-plus-extension-3.4.2.jar;E:\joker\.m2\repository\com\baomidou\mybatis-plus-core\3.4.2\mybatis-plus-core-3.4.2.jar;E:\joker\.m2\repository\com\baomidou\mybatis-plus-annotation\3.4.2\mybatis-plus-annotation-3.4.2.jar;E:\joker\.m2\repository\com\github\jsqlparser\jsqlparser\4.0\jsqlparser-4.0.jar;E:\joker\.m2\repository\org\springframework\boot\spring-boot-autoconfigure\2.6.11\spring-boot-autoconfigure-2.6.11.jar;E:\joker\.m2\repository\org\springframework\boot\spring-boot-starter-jdbc\2.6.11\spring-boot-starter-jdbc-2.6.11.jar;E:\joker\.m2\repository\com\zaxxer\HikariCP\4.0.3\HikariCP-4.0.3.jar;E:\joker\.m2\repository\org\springframework\spring-jdbc\5.3.22\spring-jdbc-5.3.22.jar;E:\joker\.m2\repository\org\springframework\spring-tx\5.3.22\spring-tx-5.3.22.jar;E:\joker\.m2\repository\org\mybatis\spring\boot\mybatis-spring-boot-starter\3.0.1\mybatis-spring-boot-starter-3.0.1.jar;E:\joker\.m2\repository\org\mybatis\spring\boot\mybatis-spring-boot-autoconfigure\3.0.1\mybatis-spring-boot-autoconfigure-3.0.1.jar;E:\joker\.m2\repository\org\mybatis\mybatis\3.5.11\mybatis-3.5.11.jar;E:\joker\.m2\repository\org\mybatis\mybatis-spring\3.0.1\mybatis-spring-3.0.1.jar;E:\joker\.m2\repository\org\springframework\boot\spring-boot-starter-web\2.6.11\spring-boot-starter-web-2.6.11.jar;E:\joker\.m2\repository\org\springframework\boot\spring-boot-starter-json\2.6.11\spring-boot-starter-json-2.6.11.jar;E:\joker\.m2\repository\com\fasterxml\jackson\core\jackson-databind\2.13.3\jackson-databind-2.13.3.jar;E:\joker\.m2\repository\com\fasterxml\jackson\datatype\jackson-datatype-jdk8\2.13.3\jackson-datatype-jdk8-2.13.3.jar;E:\joker\.m2\repository\com\fasterxml\jackson\datatype\jackson-datatype-jsr310\2.13.3\jackson-datatype-jsr310-2.13.3.jar;E:\joker\.m2\repository\com\fasterxml\jackson\module\jackson-module-parameter-names\2.13.3\jackson-module-parameter-names-2.13.3.jar;E:\joker\.m2\repository\org\springframework\boot\spring-boot-starter-tomcat\2.6.11\spring-boot-starter-tomcat-2.6.11.jar;E:\joker\.m2\repository\org\apache\tomcat\embed\tomcat-embed-core\9.0.65\tomcat-embed-core-9.0.65.jar;E:\joker\.m2\repository\org\apache\tomcat\embed\tomcat-embed-el\9.0.65\tomcat-embed-el-9.0.65.jar;E:\joker\.m2\repository\org\apache\tomcat\embed\tomcat-embed-websocket\9.0.65\tomcat-embed-websocket-9.0.65.jar;E:\joker\.m2\repository\org\springframework\spring-web\5.3.22\spring-web-5.3.22.jar;E:\joker\.m2\repository\org\springframework\spring-beans\5.3.22\spring-beans-5.3.22.jar;E:\joker\.m2\repository\org\springframework\spring-webmvc\5.3.22\spring-webmvc-5.3.22.jar;E:\joker\.m2\repository\org\springframework\spring-aop\5.3.22\spring-aop-5.3.22.jar;E:\joker\.m2\repository\org\springframework\spring-context\5.3.22\spring-context-5.3.22.jar;E:\joker\.m2\repository\org\springframework\spring-expression\5.3.22\spring-expression-5.3.22.jar;E:\joker\.m2\repository\com\alibaba\cloud\spring-cloud-starter-alibaba-nacos-discovery\2021.0.4.0\spring-cloud-starter-alibaba-nacos-discovery-2021.0.4.0.jar;E:\joker\.m2\repository\com\alibaba\cloud\spring-cloud-alibaba-commons\2021.0.4.0\spring-cloud-alibaba-commons-2021.0.4.0.jar;E:\joker\.m2\repository\com\alibaba\nacos\nacos-client\2.0.4\nacos-client-2.0.4.jar;E:\joker\.m2\repository\commons-codec\commons-codec\1.15\commons-codec-1.15.jar;E:\joker\.m2\repository\com\fasterxml\jackson\core\jackson-core\2.13.3\jackson-core-2.13.3.jar;E:\joker\.m2\repository\org\apache\httpcomponents\httpasyncclient\4.1.5\httpasyncclient-4.1.5.jar;E:\joker\.m2\repository\org\apache\httpcomponents\httpcore\4.4.15\httpcore-4.4.15.jar;E:\joker\.m2\repository\org\apache\httpcomponents\httpcore-nio\4.4.15\httpcore-nio-4.4.15.jar;E:\joker\.m2\repository\org\apache\httpcomponents\httpclient\4.5.13\httpclient-4.5.13.jar;E:\joker\.m2\repository\org\reflections\reflections\0.9.11\reflections-0.9.11.jar;E:\joker\.m2\repository\com\google\guava\guava\20.0\guava-20.0.jar;E:\joker\.m2\repository\org\javassist\javassist\3.21.0-GA\javassist-3.21.0-GA.jar;E:\joker\.m2\repository\io\prometheus\simpleclient\0.12.0\simpleclient-0.12.0.jar;E:\joker\.m2\repository\io\prometheus\simpleclient_tracer_otel\0.12.0\simpleclient_tracer_otel-0.12.0.jar;E:\joker\.m2\repository\io\prometheus\simpleclient_tracer_common\0.12.0\simpleclient_tracer_common-0.12.0.jar;E:\joker\.m2\repository\io\prometheus\simpleclient_tracer_otel_agent\0.12.0\simpleclient_tracer_otel_agent-0.12.0.jar;E:\joker\.m2\repository\com\alibaba\spring\spring-context-support\1.0.11\spring-context-support-1.0.11.jar;E:\joker\.m2\repository\org\springframework\cloud\spring-cloud-commons\3.1.4\spring-cloud-commons-3.1.4.jar;E:\joker\.m2\repository\org\springframework\security\spring-security-crypto\5.6.7\spring-security-crypto-5.6.7.jar;E:\joker\.m2\repository\org\springframework\cloud\spring-cloud-context\3.1.2\spring-cloud-context-3.1.2.jar;E:\joker\.m2\repository\org\springframework\cloud\spring-cloud-starter-security\2.2.5.RELEASE\spring-cloud-starter-security-2.2.5.RELEASE.jar;E:\joker\.m2\repository\org\springframework\cloud\spring-cloud-starter\2.2.8.RELEASE\spring-cloud-starter-2.2.8.RELEASE.jar;E:\joker\.m2\repository\org\springframework\security\spring-security-rsa\1.0.9.RELEASE\spring-security-rsa-1.0.9.RELEASE.jar;E:\joker\.m2\repository\org\bouncycastle\bcpkix-jdk15on\1.64\bcpkix-jdk15on-1.64.jar;E:\joker\.m2\repository\org\bouncycastle\bcprov-jdk15on\1.64\bcprov-jdk15on-1.64.jar;E:\joker\.m2\repository\org\springframework\boot\spring-boot-starter-actuator\2.6.11\spring-boot-starter-actuator-2.6.11.jar;E:\joker\.m2\repository\org\springframework\boot\spring-boot-actuator-autoconfigure\2.6.11\spring-boot-actuator-autoconfigure-2.6.11.jar;E:\joker\.m2\repository\org\springframework\boot\spring-boot-actuator\2.6.11\spring-boot-actuator-2.6.11.jar;E:\joker\.m2\repository\io\micrometer\micrometer-core\1.8.9\micrometer-core-1.8.9.jar;E:\joker\.m2\repository\org\hdrhistogram\HdrHistogram\2.1.12\HdrHistogram-2.1.12.jar;E:\joker\.m2\repository\org\latencyutils\LatencyUtils\2.0.3\LatencyUtils-2.0.3.jar;E:\joker\.m2\repository\org\springframework\cloud\spring-cloud-security\2.2.5.RELEASE\spring-cloud-security-2.2.5.RELEASE.jar;E:\joker\.m2\repository\org\springframework\boot\spring-boot-starter-security\2.6.11\spring-boot-starter-security-2.6.11.jar;E:\joker\.m2\repository\org\springframework\security\spring-security-config\5.6.7\spring-security-config-5.6.7.jar;E:\joker\.m2\repository\org\springframework\security\spring-security-web\5.6.7\spring-security-web-5.6.7.jar;E:\joker\.m2\repository\javax\activation\javax.activation-api\1.2.0\javax.activation-api-1.2.0.jar;E:\joker\.m2\repository\javax\xml\bind\jaxb-api\2.3.1\jaxb-api-2.3.1.jar;E:\joker\.m2\repository\org\glassfish\jaxb\jaxb-runtime\2.3.6\jaxb-runtime-2.3.6.jar;E:\joker\.m2\repository\org\glassfish\jaxb\txw2\2.3.6\txw2-2.3.6.jar;E:\joker\.m2\repository\com\sun\istack\istack-commons-runtime\3.0.12\istack-commons-runtime-3.0.12.jar;E:\joker\.m2\repository\com\sun\activation\jakarta.activation\1.2.2\jakarta.activation-1.2.2.jar;E:\joker\.m2\repository\org\springframework\cloud\spring-cloud-starter-oauth2\2.2.5.RELEASE\spring-cloud-starter-oauth2-2.2.5.RELEASE.jar;E:\joker\.m2\repository\org\springframework\security\oauth\boot\spring-security-oauth2-autoconfigure\2.1.2.RELEASE\spring-security-oauth2-autoconfigure-2.1.2.RELEASE.jar;E:\joker\.m2\repository\com\fasterxml\jackson\core\jackson-annotations\2.13.3\jackson-annotations-2.13.3.jar;E:\joker\.m2\repository\com\sun\xml\bind\jaxb-core\2.3.0.1\jaxb-core-2.3.0.1.jar;E:\joker\.m2\repository\com\sun\xml\bind\jaxb-impl\2.3.0.1\jaxb-impl-2.3.0.1.jar;E:\joker\.m2\repository\org\springframework\security\oauth\spring-security-oauth2\2.3.4.RELEASE\spring-security-oauth2-2.3.4.RELEASE.jar;E:\joker\.m2\repository\org\springframework\security\spring-security-core\5.6.7\spring-security-core-5.6.7.jar;E:\joker\.m2\repository\org\codehaus\jackson\jackson-mapper-asl\1.9.13\jackson-mapper-asl-1.9.13.jar;E:\joker\.m2\repository\org\codehaus\jackson\jackson-core-asl\1.9.13\jackson-core-asl-1.9.13.jar;E:\joker\.m2\repository\org\springframework\security\spring-security-jwt\1.0.9.RELEASE\spring-security-jwt-1.0.9.RELEASE.jar;E:\joker\.m2\repository\org\springframework\boot\spring-boot-starter\2.7.6\spring-boot-starter-2.7.6.jar;E:\joker\.m2\repository\org\springframework\boot\spring-boot\2.6.11\spring-boot-2.6.11.jar;E:\joker\.m2\repository\jakarta\annotation\jakarta.annotation-api\1.3.5\jakarta.annotation-api-1.3.5.jar;E:\joker\.m2\repository\org\springframework\spring-core\5.3.22\spring-core-5.3.22.jar;E:\joker\.m2\repository\org\springframework\spring-jcl\5.3.22\spring-jcl-5.3.22.jar;E:\joker\.m2\repository\org\yaml\snakeyaml\1.29\snakeyaml-1.29.jar;E:\joker\.m2\repository\org\springframework\boot\spring-boot-starter-test\2.7.6\spring-boot-starter-test-2.7.6.jar;E:\joker\.m2\repository\org\springframework\boot\spring-boot-test\2.6.11\spring-boot-test-2.6.11.jar;E:\joker\.m2\repository\org\springframework\boot\spring-boot-test-autoconfigure\2.6.11\spring-boot-test-autoconfigure-2.6.11.jar;E:\joker\.m2\repository\com\jayway\jsonpath\json-path\2.6.0\json-path-2.6.0.jar;E:\joker\.m2\repository\net\minidev\json-smart\2.4.8\json-smart-2.4.8.jar;E:\joker\.m2\repository\net\minidev\accessors-smart\2.4.8\accessors-smart-2.4.8.jar;E:\joker\.m2\repository\org\ow2\asm\asm\9.1\asm-9.1.jar;E:\joker\.m2\repository\org\slf4j\slf4j-api\1.7.36\slf4j-api-1.7.36.jar;E:\joker\.m2\repository\jakarta\xml\bind\jakarta.xml.bind-api\2.3.3\jakarta.xml.bind-api-2.3.3.jar;E:\joker\.m2\repository\jakarta\activation\jakarta.activation-api\1.2.2\jakarta.activation-api-1.2.2.jar;E:\joker\.m2\repository\org\assertj\assertj-core\3.21.0\assertj-core-3.21.0.jar;E:\joker\.m2\repository\org\hamcrest\hamcrest\2.2\hamcrest-2.2.jar;E:\joker\.m2\repository\org\junit\jupiter\junit-jupiter\5.8.2\junit-jupiter-5.8.2.jar;E:\joker\.m2\repository\org\junit\jupiter\junit-jupiter-api\5.8.2\junit-jupiter-api-5.8.2.jar;E:\joker\.m2\repository\org\opentest4j\opentest4j\1.2.0\opentest4j-1.2.0.jar;E:\joker\.m2\repository\org\junit\platform\junit-platform-commons\1.8.2\junit-platform-commons-1.8.2.jar;E:\joker\.m2\repository\org\apiguardian\apiguardian-api\1.1.2\apiguardian-api-1.1.2.jar;E:\joker\.m2\repository\org\junit\jupiter\junit-jupiter-params\5.8.2\junit-jupiter-params-5.8.2.jar;E:\joker\.m2\repository\org\junit\jupiter\junit-jupiter-engine\5.8.2\junit-jupiter-engine-5.8.2.jar;E:\joker\.m2\repository\org\junit\platform\junit-platform-engine\1.8.2\junit-platform-engine-1.8.2.jar;E:\joker\.m2\repository\org\mockito\mockito-core\4.0.0\mockito-core-4.0.0.jar;E:\joker\.m2\repository\net\bytebuddy\byte-buddy\1.11.22\byte-buddy-1.11.22.jar;E:\joker\.m2\repository\net\bytebuddy\byte-buddy-agent\1.11.22\byte-buddy-agent-1.11.22.jar;E:\joker\.m2\repository\org\objenesis\objenesis\3.2\objenesis-3.2.jar;E:\joker\.m2\repository\org\mockito\mockito-junit-jupiter\4.0.0\mockito-junit-jupiter-4.0.0.jar;E:\joker\.m2\repository\org\skyscreamer\jsonassert\1.5.1\jsonassert-1.5.1.jar;E:\joker\.m2\repository\com\vaadin\external\google\android-json\0.0.20131108.vaadin1\android-json-0.0.20131108.vaadin1.jar;E:\joker\.m2\repository\org\springframework\spring-test\5.3.22\spring-test-5.3.22.jar;E:\joker\.m2\repository\org\xmlunit\xmlunit-core\2.8.4\xmlunit-core-2.8.4.jar;E:\joker\.m2\repository\org\projectlombok\lombok\1.18.24\lombok-1.18.24.jar;E:\joker\.m2\repository\org\springframework\boot\spring-boot-starter-logging\2.7.6\spring-boot-starter-logging-2.7.6.jar;E:\joker\.m2\repository\ch\qos\logback\logback-classic\1.2.11\logback-classic-1.2.11.jar;E:\joker\.m2\repository\ch\qos\logback\logback-core\1.2.11\logback-core-1.2.11.jar;E:\joker\.m2\repository\org\apache\logging\log4j\log4j-to-slf4j\2.17.2\log4j-to-slf4j-2.17.2.jar;E:\joker\.m2\repository\org\apache\logging\log4j\log4j-api\2.17.2\log4j-api-2.17.2.jar;E:\joker\.m2\repository\org\slf4j\jul-to-slf4j\1.7.36\jul-to-slf4j-1.7.36.jar;E:\joker\.m2\repository\com\google\code\gson\gson\2.8.9\gson-2.8.9.jar;"/>
    <property name="sun.cpu.endian" value="little"/>
    <property name="user.home" value="C:\Users\joker"/>
    <property name="user.language" value="zh"/>
    <property name="java.specification.vendor" value="Oracle Corporation"/>
    <property name="java.version.date" value="2022-08-18"/>
    <property name="java.home" value="C:\Program Files\Java\jdk-17.0.4.1"/>
    <property name="file.separator" value="\"/>
    <property name="basedir" value="E:\joker\ideaItem\xuecheng\xuecheng-auth"/>
    <property name="java.vm.compressedOopsMode" value="Zero based"/>
    <property name="line.separator" value="&#10;"/>
    <property name="java.vm.specification.vendor" value="Oracle Corporation"/>
    <property name="java.specification.name" value="Java Platform API Specification"/>
    <property name="surefire.real.class.path" value="C:\Users\joker\AppData\Local\Temp\surefire9945107180690128405\surefirebooter18099429284619034366.jar"/>
    <property name="user.script" value=""/>
    <property name="sun.management.compiler" value="HotSpot 64-Bit Tiered Compilers"/>
    <property name="java.runtime.version" value="17.0.4.1+1-LTS-2"/>
    <property name="user.name" value="joker"/>
    <property name="path.separator" value=";"/>
    <property name="os.version" value="10.0"/>
    <property name="java.runtime.name" value="Java(TM) SE Runtime Environment"/>
    <property name="file.encoding" value="GBK"/>
    <property name="java.vm.name" value="Java HotSpot(TM) 64-Bit Server VM"/>
    <property name="localRepository" value="E:\joker\.m2\repository"/>
    <property name="java.vendor.url.bug" value="https://bugreport.java.com/bugreport/"/>
    <property name="java.io.tmpdir" value="C:\Users\joker\AppData\Local\Temp\"/>
    <property name="idea.version" value="2021.3.2"/>
    <property name="java.version" value="17.0.4.1"/>
    <property name="user.dir" value="E:\joker\ideaItem\xuecheng\xuecheng-auth"/>
    <property name="os.arch" value="amd64"/>
    <property name="java.vm.specification.name" value="Java Virtual Machine Specification"/>
    <property name="sun.os.patch.level" value=""/>
    <property name="native.encoding" value="GBK"/>
    <property name="java.library.path" value="C:\Program Files\Java\jdk-17.0.4.1\bin;C:\WINDOWS\Sun\Java\bin;C:\WINDOWS\system32;C:\WINDOWS;E:\CUDA\cuda_development\v11.4\bin;E:\CUDA\cuda_development\v11.4\libnvvp;E:\Oracle\app\oracle\product\11.2.0\server\bin;C:\Program Files\Common Files\Oracle\Java\javapath;C:\Windows\system32;C:\Windows;C:\Windows\System32\Wbem;C:\Windows\System32\WindowsPowerShell\v1.0\;C:\Windows\System32\OpenSSH\;C:\Program Files (x86)\NVIDIA Corporation\PhysX\Common;C:\Program Files\NVIDIA Corporation\NVIDIA NvDLISR;C:\PROGRA~1\Java\jdk-15.0.1\jre\bin;C:\PROGRA~1\Java\jdk-15.0.1\bin;&quot;D:\Android\android stdio;D:\Android\android stdio\tools;D:\Android\android stdio\build-tools;D:\Android\android stdio\platform-tools;&quot;;C:\WINDOWS\system32;C:\WINDOWS;C:\WINDOWS\System32\Wbem;C:\WINDOWS\System32\WindowsPowerShell\v1.0\;C:\WINDOWS\System32\OpenSSH\;D:\Git\cmd;C:\Program Files\MySQL\MySQL Server 8.0\bin;D:\Rational\common;E:\MATLAB\R2018a\runtime\win64;E:\MATLAB\R2018a\bin;D:\互传\EasyShare\x86\;D:\互传\EasyShare\x64\;E:\nvm;C:\Program Files\nodejs;D:\apktool;E:\Xftp7\;E:\Xshell7\;D:\Android\android-sdk\platform-tools;C:\Program Files (x86)\PICT\;E:\UFT\bin;C:\Program Files\NVIDIA Corporation\Nsight Compute 2021.2.1\;E:\Gradle\gradle-7.6\bin;E:\maven\apache-maven-3.8.7\bin;C:\Program Files (x86)\Java\jre7\bin;D:\anaconda;D:\anaconda\Library\mingw-w64\bin;D:\anaconda\Library\usr\bin;D:\anaconda\Library\bin;D:\anaconda\Scripts;C:\Program Files\MySQL\MySQL Shell 8.0\bin\;C:\Users\joker\AppData\Local\Microsoft\WindowsApps;D:\Microsoft VS Code\bin;C:\Program Files\Java\jdk-15.0.1\bin;C:\Program Files\Java\jdk-15.0.1;D:\Program Files\gcc\MinGW\bin;C:\PROGRA~1\Java\jdk-15.0.1\bin;C:\PROGRA~1\Java\jdk-15.0.1\jre\bin;C:\Program Files\CMake\bin;C:\Program Files\Azure Data Studio\bin;C:\Users\joker\AppData\Local\GitHubDesktop\bin;C:\Program Files\JetBrains\PyCharm Community Edition 2021.2.1\bin;;C:\Program Files\JetBrains\IntelliJ IDEA Community Edition 2021.2.2\bin;;D:\微信web开发者工具\dll;D:\IntelliJ IDEA 2021.3.3\bin;;E:\nvm;C:\Program Files\nodejs;C:\Windows\apktool;D:\Android\android-sdk\platform-tools;C:\Users\joker\AppData\Local\Pandoc\;;."/>
    <property name="java.vm.info" value="mixed mode, sharing"/>
    <property name="java.vendor" value="Oracle Corporation"/>
    <property name="java.vm.version" value="17.0.4.1+1-LTS-2"/>
    <property name="sun.io.unicode.encoding" value="UnicodeLittle"/>
    <property name="maven.repo.local" value="E:\joker\.m2\repository"/>
    <property name="java.class.version" value="61.0"/>
  </properties>
  <testcase name="contextLoads" classname="com.xuechengauth.XuechengAuthApplicationTests" time="0.226"/>
</testsuite>